<?xml version="1.0" encoding="UTF-8"?>
<!-- Generated by org.testng.reporters.JUnitReportReporter -->
<testsuite skipped="0" hostname="DESKTOP-UM554UI" name="com.qa.Tests.LoginTests" tests="2" failures="0" timestamp="22 Jan 2019 06:01:03 GMT" time="46.086" errors="0">
  <testcase name="verifyLoginPageTitile" time="16.840" classname="com.qa.Tests.LoginTests"/>
  <testcase name="login" time="29.246" classname="com.qa.Tests.LoginTests"/>
</testsuite> <!-- com.qa.Tests.LoginTests -->
